<?xml version="1.0" encoding="UTF-8"?>
<!-- Generated by org.testng.reporters.JUnitXMLReporter -->
<testsuite ignored="0" hostname="HIJ-LP320" failures="0" tests="4" name="Default test" time="33.492" errors="0" timestamp="2024-12-25T20:34:06 IST">
  <testcase classname="testingWorldTestCases.LoginTest" name="validatingInvalidLogin" time="1.08"/>
  <testcase classname="testingWorldTestCases.LoginTest" name="validatingValidLogin" time="0.339"/>
  <testcase classname="testingWorldTestCases.LoginTest" name="validatingValidLogin" time="0.296"/>
  <testcase classname="testingWorldTestCases.LoginTest" name="validatingValidLogin" time="0.318"/>
</testsuite> <!-- Default test -->
