<?xml version="1.0" encoding="UTF-8"?>
<testng-results ignored="0" total="4" passed="4" failed="0" skipped="0">
  <reporter-output>
  </reporter-output>
  <suite started-at="2024-12-25T20:33:33 IST" name="Default suite" finished-at="2024-12-25T20:34:06 IST" duration-ms="33492">
    <groups>
    </groups>
    <test started-at="2024-12-25T20:33:33 IST" name="Default test" finished-at="2024-12-25T20:34:06 IST" duration-ms="33492">
      <class name="testingWorldTestCases.LoginTest">
        <test-method is-config="true" signature="beforeClassSetup()[pri:0, instance:testingWorldTestCases.LoginTest@4470f8a6]" started-at="2024-12-25T20:33:33 IST" name="beforeClassSetup" finished-at="2024-12-25T20:33:34 IST" duration-ms="1083" status="PASS">
          <reporter-output>
          </reporter-output>
        </test-method> <!-- beforeClassSetup -->
        <test-method is-config="true" signature="setUp()[pri:0, instance:testingWorldTestCases.LoginTest@4470f8a6]" started-at="2024-12-25T20:33:34 IST" name="setUp" finished-at="2024-12-25T20:33:42 IST" duration-ms="8022" status="PASS">
          <reporter-output>
          </reporter-output>
        </test-method> <!-- setUp -->
        <test-method signature="validatingInvalidLogin()[pri:0, instance:testingWorldTestCases.LoginTest@4470f8a6]" started-at="2024-12-25T20:33:42 IST" name="validatingInvalidLogin" finished-at="2024-12-25T20:33:43 IST" duration-ms="1080" status="PASS">
          <reporter-output>
          </reporter-output>
        </test-method> <!-- validatingInvalidLogin -->
        <test-method is-config="true" signature="tearDown()[pri:0, instance:testingWorldTestCases.LoginTest@4470f8a6]" started-at="2024-12-25T20:33:43 IST" name="tearDown" finished-at="2024-12-25T20:33:44 IST" duration-ms="1109" status="PASS">
          <reporter-output>
          </reporter-output>
        </test-method> <!-- tearDown -->
        <test-method is-config="true" signature="setUp()[pri:0, instance:testingWorldTestCases.LoginTest@4470f8a6]" started-at="2024-12-25T20:33:45 IST" name="setUp" finished-at="2024-12-25T20:33:50 IST" duration-ms="5193" status="PASS">
          <reporter-output>
          </reporter-output>
        </test-method> <!-- setUp -->
        <test-method signature="validatingValidLogin(java.lang.String,java.lang.String)[pri:1, instance:testingWorldTestCases.LoginTest@4470f8a6]" started-at="2024-12-25T20:33:50 IST" name="validatingValidLogin" data-provider="loginTestData" finished-at="2024-12-25T20:33:50 IST" duration-ms="339" status="PASS">
          <params>
            <param index="0">
              <value>
                <![CDATA[hemlata.sadhanani@gmail.com]]>
              </value>
            </param>
            <param index="1">
              <value>
                <![CDATA[Pass]]>
              </value>
            </param>
          </params>
          <reporter-output>
          </reporter-output>
        </test-method> <!-- validatingValidLogin -->
        <test-method is-config="true" signature="tearDown()[pri:0, instance:testingWorldTestCases.LoginTest@4470f8a6]" started-at="2024-12-25T20:33:50 IST" name="tearDown" finished-at="2024-12-25T20:33:51 IST" duration-ms="1048" status="PASS">
          <reporter-output>
          </reporter-output>
        </test-method> <!-- tearDown -->
        <test-method is-config="true" signature="setUp()[pri:0, instance:testingWorldTestCases.LoginTest@4470f8a6]" started-at="2024-12-25T20:33:51 IST" name="setUp" finished-at="2024-12-25T20:33:59 IST" duration-ms="7260" status="PASS">
          <reporter-output>
          </reporter-output>
        </test-method> <!-- setUp -->
        <test-method signature="validatingValidLogin(java.lang.String,java.lang.String)[pri:1, instance:testingWorldTestCases.LoginTest@4470f8a6]" started-at="2024-12-25T20:33:59 IST" name="validatingValidLogin" data-provider="loginTestData" finished-at="2024-12-25T20:33:59 IST" duration-ms="296" status="PASS">
          <params>
            <param index="0">
              <value>
                <![CDATA[TestUser]]>
              </value>
            </param>
            <param index="1">
              <value>
                <![CDATA[TestPass]]>
              </value>
            </param>
          </params>
          <reporter-output>
          </reporter-output>
        </test-method> <!-- validatingValidLogin -->
        <test-method is-config="true" signature="tearDown()[pri:0, instance:testingWorldTestCases.LoginTest@4470f8a6]" started-at="2024-12-25T20:33:59 IST" name="tearDown" finished-at="2024-12-25T20:34:00 IST" duration-ms="1015" status="PASS">
          <reporter-output>
          </reporter-output>
        </test-method> <!-- tearDown -->
        <test-method is-config="true" signature="setUp()[pri:0, instance:testingWorldTestCases.LoginTest@4470f8a6]" started-at="2024-12-25T20:34:00 IST" name="setUp" finished-at="2024-12-25T20:34:04 IST" duration-ms="4182" status="PASS">
          <reporter-output>
          </reporter-output>
        </test-method> <!-- setUp -->
        <test-method signature="validatingValidLogin(java.lang.String,java.lang.String)[pri:1, instance:testingWorldTestCases.LoginTest@4470f8a6]" started-at="2024-12-25T20:34:04 IST" name="validatingValidLogin" data-provider="loginTestData" finished-at="2024-12-25T20:34:05 IST" duration-ms="318" status="PASS">
          <params>
            <param index="0">
              <value>
                <![CDATA[Hems]]>
              </value>
            </param>
            <param index="1">
              <value>
                <![CDATA[HemsPassword]]>
              </value>
            </param>
          </params>
          <reporter-output>
          </reporter-output>
        </test-method> <!-- validatingValidLogin -->
        <test-method is-config="true" signature="tearDown()[pri:0, instance:testingWorldTestCases.LoginTest@4470f8a6]" started-at="2024-12-25T20:34:05 IST" name="tearDown" finished-at="2024-12-25T20:34:06 IST" duration-ms="1123" status="PASS">
          <reporter-output>
          </reporter-output>
        </test-method> <!-- tearDown -->
        <test-method is-config="true" signature="afterClasstearDown()[pri:0, instance:testingWorldTestCases.LoginTest@4470f8a6]" started-at="2024-12-25T20:34:06 IST" name="afterClasstearDown" finished-at="2024-12-25T20:34:06 IST" duration-ms="538" status="PASS">
          <reporter-output>
          </reporter-output>
        </test-method> <!-- afterClasstearDown -->
      </class> <!-- testingWorldTestCases.LoginTest -->
    </test> <!-- Default test -->
  </suite> <!-- Default suite -->
</testng-results>
